ARM GAS  /tmp/cccYEx3s.s 			page 1


   1              		.cpu cortex-m4
   2              		.arch armv7e-m
   3              		.fpu fpv4-sp-d16
   4              		.eabi_attribute 27, 1
   5              		.eabi_attribute 28, 1
   6              		.eabi_attribute 20, 1
   7              		.eabi_attribute 21, 1
   8              		.eabi_attribute 23, 3
   9              		.eabi_attribute 24, 1
  10              		.eabi_attribute 25, 1
  11              		.eabi_attribute 26, 1
  12              		.eabi_attribute 30, 1
  13              		.eabi_attribute 34, 1
  14              		.eabi_attribute 18, 4
  15              		.file	"can.c"
  16              		.text
  17              	.Ltext0:
  18              		.cfi_sections	.debug_frame
  19              		.file 1 "Core/Src/can.c"
  20              		.section	.text.MX_CAN1_Init,"ax",%progbits
  21              		.align	1
  22              		.global	MX_CAN1_Init
  23              		.syntax unified
  24              		.thumb
  25              		.thumb_func
  27              	MX_CAN1_Init:
  28              	.LFB235:
   1:Core/Src/can.c **** /* USER CODE BEGIN Header */
   2:Core/Src/can.c **** /**
   3:Core/Src/can.c ****   ******************************************************************************
   4:Core/Src/can.c ****   * @file    can.c
   5:Core/Src/can.c ****   * @brief   This file provides code for the configuration
   6:Core/Src/can.c ****   *          of the CAN instances.
   7:Core/Src/can.c ****   ******************************************************************************
   8:Core/Src/can.c ****   * @attention
   9:Core/Src/can.c ****   *
  10:Core/Src/can.c ****   * Copyright (c) 2023 STMicroelectronics.
  11:Core/Src/can.c ****   * All rights reserved.
  12:Core/Src/can.c ****   *
  13:Core/Src/can.c ****   * This software is licensed under terms that can be found in the LICENSE file
  14:Core/Src/can.c ****   * in the root directory of this software component.
  15:Core/Src/can.c ****   * If no LICENSE file comes with this software, it is provided AS-IS.
  16:Core/Src/can.c ****   *
  17:Core/Src/can.c ****   ******************************************************************************
  18:Core/Src/can.c ****   */
  19:Core/Src/can.c **** /* USER CODE END Header */
  20:Core/Src/can.c **** /* Includes ------------------------------------------------------------------*/
  21:Core/Src/can.c **** #include "can.h"
  22:Core/Src/can.c **** 
  23:Core/Src/can.c **** /* USER CODE BEGIN 0 */
  24:Core/Src/can.c **** 
  25:Core/Src/can.c **** /* USER CODE END 0 */
  26:Core/Src/can.c **** 
  27:Core/Src/can.c **** CAN_HandleTypeDef hcan1;
  28:Core/Src/can.c **** 
  29:Core/Src/can.c **** /* CAN1 init function */
  30:Core/Src/can.c **** void MX_CAN1_Init(void)
ARM GAS  /tmp/cccYEx3s.s 			page 2


  31:Core/Src/can.c **** {
  29              		.loc 1 31 1 view -0
  30              		.cfi_startproc
  31              		@ args = 0, pretend = 0, frame = 0
  32              		@ frame_needed = 0, uses_anonymous_args = 0
  33 0000 08B5     		push	{r3, lr}
  34              		.cfi_def_cfa_offset 8
  35              		.cfi_offset 3, -8
  36              		.cfi_offset 14, -4
  32:Core/Src/can.c **** 
  33:Core/Src/can.c ****   /* USER CODE BEGIN CAN1_Init 0 */
  34:Core/Src/can.c **** 
  35:Core/Src/can.c ****   /* USER CODE END CAN1_Init 0 */
  36:Core/Src/can.c **** 
  37:Core/Src/can.c ****   /* USER CODE BEGIN CAN1_Init 1 */
  38:Core/Src/can.c **** 
  39:Core/Src/can.c ****   /* USER CODE END CAN1_Init 1 */
  40:Core/Src/can.c ****   hcan1.Instance = CAN1;
  37              		.loc 1 40 3 view .LVU1
  38              		.loc 1 40 18 is_stmt 0 view .LVU2
  39 0002 0E48     		ldr	r0, .L5
  40 0004 0E4B     		ldr	r3, .L5+4
  41 0006 0360     		str	r3, [r0]
  41:Core/Src/can.c ****   hcan1.Init.Prescaler = 3;
  42              		.loc 1 41 3 is_stmt 1 view .LVU3
  43              		.loc 1 41 24 is_stmt 0 view .LVU4
  44 0008 0323     		movs	r3, #3
  45 000a 4360     		str	r3, [r0, #4]
  42:Core/Src/can.c ****   hcan1.Init.Mode = CAN_MODE_NORMAL;
  46              		.loc 1 42 3 is_stmt 1 view .LVU5
  47              		.loc 1 42 19 is_stmt 0 view .LVU6
  48 000c 0023     		movs	r3, #0
  49 000e 8360     		str	r3, [r0, #8]
  43:Core/Src/can.c ****   hcan1.Init.SyncJumpWidth = CAN_SJW_1TQ;
  50              		.loc 1 43 3 is_stmt 1 view .LVU7
  51              		.loc 1 43 28 is_stmt 0 view .LVU8
  52 0010 C360     		str	r3, [r0, #12]
  44:Core/Src/can.c ****   hcan1.Init.TimeSeg1 = CAN_BS1_12TQ;
  53              		.loc 1 44 3 is_stmt 1 view .LVU9
  54              		.loc 1 44 23 is_stmt 0 view .LVU10
  55 0012 4FF43022 		mov	r2, #720896
  56 0016 0261     		str	r2, [r0, #16]
  45:Core/Src/can.c ****   hcan1.Init.TimeSeg2 = CAN_BS2_2TQ;
  57              		.loc 1 45 3 is_stmt 1 view .LVU11
  58              		.loc 1 45 23 is_stmt 0 view .LVU12
  59 0018 4FF48012 		mov	r2, #1048576
  60 001c 4261     		str	r2, [r0, #20]
  46:Core/Src/can.c ****   hcan1.Init.TimeTriggeredMode = DISABLE;
  61              		.loc 1 46 3 is_stmt 1 view .LVU13
  62              		.loc 1 46 32 is_stmt 0 view .LVU14
  63 001e 0376     		strb	r3, [r0, #24]
  47:Core/Src/can.c ****   hcan1.Init.AutoBusOff = ENABLE;
  64              		.loc 1 47 3 is_stmt 1 view .LVU15
  65              		.loc 1 47 25 is_stmt 0 view .LVU16
  66 0020 0122     		movs	r2, #1
  67 0022 4276     		strb	r2, [r0, #25]
  48:Core/Src/can.c ****   hcan1.Init.AutoWakeUp = DISABLE;
ARM GAS  /tmp/cccYEx3s.s 			page 3


  68              		.loc 1 48 3 is_stmt 1 view .LVU17
  69              		.loc 1 48 25 is_stmt 0 view .LVU18
  70 0024 8376     		strb	r3, [r0, #26]
  49:Core/Src/can.c ****   hcan1.Init.AutoRetransmission = DISABLE;
  71              		.loc 1 49 3 is_stmt 1 view .LVU19
  72              		.loc 1 49 33 is_stmt 0 view .LVU20
  73 0026 C376     		strb	r3, [r0, #27]
  50:Core/Src/can.c ****   hcan1.Init.ReceiveFifoLocked = DISABLE;
  74              		.loc 1 50 3 is_stmt 1 view .LVU21
  75              		.loc 1 50 32 is_stmt 0 view .LVU22
  76 0028 0377     		strb	r3, [r0, #28]
  51:Core/Src/can.c ****   hcan1.Init.TransmitFifoPriority = DISABLE;
  77              		.loc 1 51 3 is_stmt 1 view .LVU23
  78              		.loc 1 51 35 is_stmt 0 view .LVU24
  79 002a 4377     		strb	r3, [r0, #29]
  52:Core/Src/can.c ****   if (HAL_CAN_Init(&hcan1) != HAL_OK)
  80              		.loc 1 52 3 is_stmt 1 view .LVU25
  81              		.loc 1 52 7 is_stmt 0 view .LVU26
  82 002c FFF7FEFF 		bl	HAL_CAN_Init
  83              	.LVL0:
  84              		.loc 1 52 6 discriminator 1 view .LVU27
  85 0030 00B9     		cbnz	r0, .L4
  86              	.L1:
  53:Core/Src/can.c ****   {
  54:Core/Src/can.c ****     Error_Handler();
  55:Core/Src/can.c ****   }
  56:Core/Src/can.c ****   /* USER CODE BEGIN CAN1_Init 2 */
  57:Core/Src/can.c **** 
  58:Core/Src/can.c ****   /* USER CODE END CAN1_Init 2 */
  59:Core/Src/can.c **** 
  60:Core/Src/can.c **** }
  87              		.loc 1 60 1 view .LVU28
  88 0032 08BD     		pop	{r3, pc}
  89              	.L4:
  54:Core/Src/can.c ****   }
  90              		.loc 1 54 5 is_stmt 1 view .LVU29
  91 0034 FFF7FEFF 		bl	Error_Handler
  92              	.LVL1:
  93              		.loc 1 60 1 is_stmt 0 view .LVU30
  94 0038 FBE7     		b	.L1
  95              	.L6:
  96 003a 00BF     		.align	2
  97              	.L5:
  98 003c 00000000 		.word	hcan1
  99 0040 00640040 		.word	1073767424
 100              		.cfi_endproc
 101              	.LFE235:
 103              		.section	.text.HAL_CAN_MspInit,"ax",%progbits
 104              		.align	1
 105              		.global	HAL_CAN_MspInit
 106              		.syntax unified
 107              		.thumb
 108              		.thumb_func
 110              	HAL_CAN_MspInit:
 111              	.LVL2:
 112              	.LFB236:
  61:Core/Src/can.c **** 
ARM GAS  /tmp/cccYEx3s.s 			page 4


  62:Core/Src/can.c **** void HAL_CAN_MspInit(CAN_HandleTypeDef* canHandle)
  63:Core/Src/can.c **** {
 113              		.loc 1 63 1 is_stmt 1 view -0
 114              		.cfi_startproc
 115              		@ args = 0, pretend = 0, frame = 32
 116              		@ frame_needed = 0, uses_anonymous_args = 0
 117              		.loc 1 63 1 is_stmt 0 view .LVU32
 118 0000 10B5     		push	{r4, lr}
 119              		.cfi_def_cfa_offset 8
 120              		.cfi_offset 4, -8
 121              		.cfi_offset 14, -4
 122 0002 88B0     		sub	sp, sp, #32
 123              		.cfi_def_cfa_offset 40
  64:Core/Src/can.c **** 
  65:Core/Src/can.c ****   GPIO_InitTypeDef GPIO_InitStruct = {0};
 124              		.loc 1 65 3 is_stmt 1 view .LVU33
 125              		.loc 1 65 20 is_stmt 0 view .LVU34
 126 0004 0023     		movs	r3, #0
 127 0006 0393     		str	r3, [sp, #12]
 128 0008 0493     		str	r3, [sp, #16]
 129 000a 0593     		str	r3, [sp, #20]
 130 000c 0693     		str	r3, [sp, #24]
 131 000e 0793     		str	r3, [sp, #28]
  66:Core/Src/can.c ****   if(canHandle->Instance==CAN1)
 132              		.loc 1 66 3 is_stmt 1 view .LVU35
 133              		.loc 1 66 15 is_stmt 0 view .LVU36
 134 0010 0268     		ldr	r2, [r0]
 135              		.loc 1 66 5 view .LVU37
 136 0012 254B     		ldr	r3, .L11
 137 0014 9A42     		cmp	r2, r3
 138 0016 01D0     		beq	.L10
 139              	.LVL3:
 140              	.L7:
  67:Core/Src/can.c ****   {
  68:Core/Src/can.c ****   /* USER CODE BEGIN CAN1_MspInit 0 */
  69:Core/Src/can.c **** 
  70:Core/Src/can.c ****   /* USER CODE END CAN1_MspInit 0 */
  71:Core/Src/can.c ****     /* CAN1 clock enable */
  72:Core/Src/can.c ****     __HAL_RCC_CAN1_CLK_ENABLE();
  73:Core/Src/can.c **** 
  74:Core/Src/can.c ****     __HAL_RCC_GPIOA_CLK_ENABLE();
  75:Core/Src/can.c ****     /**CAN1 GPIO Configuration
  76:Core/Src/can.c ****     PA11     ------> CAN1_RX
  77:Core/Src/can.c ****     PA12     ------> CAN1_TX
  78:Core/Src/can.c ****     */
  79:Core/Src/can.c ****     GPIO_InitStruct.Pin = SN65HVD23x_R_CAN1_RX_Pin|SN65HVD23x_D_CAN1_TX_Pin;
  80:Core/Src/can.c ****     GPIO_InitStruct.Mode = GPIO_MODE_AF_PP;
  81:Core/Src/can.c ****     GPIO_InitStruct.Pull = GPIO_NOPULL;
  82:Core/Src/can.c ****     GPIO_InitStruct.Speed = GPIO_SPEED_FREQ_VERY_HIGH;
  83:Core/Src/can.c ****     GPIO_InitStruct.Alternate = GPIO_AF9_CAN1;
  84:Core/Src/can.c ****     HAL_GPIO_Init(GPIOA, &GPIO_InitStruct);
  85:Core/Src/can.c **** 
  86:Core/Src/can.c ****     /* CAN1 interrupt Init */
  87:Core/Src/can.c ****     HAL_NVIC_SetPriority(CAN1_TX_IRQn, 0, 0);
  88:Core/Src/can.c ****     HAL_NVIC_EnableIRQ(CAN1_TX_IRQn);
  89:Core/Src/can.c ****     HAL_NVIC_SetPriority(CAN1_RX0_IRQn, 0, 0);
  90:Core/Src/can.c ****     HAL_NVIC_EnableIRQ(CAN1_RX0_IRQn);
ARM GAS  /tmp/cccYEx3s.s 			page 5


  91:Core/Src/can.c ****     HAL_NVIC_SetPriority(CAN1_RX1_IRQn, 0, 0);
  92:Core/Src/can.c ****     HAL_NVIC_EnableIRQ(CAN1_RX1_IRQn);
  93:Core/Src/can.c ****     HAL_NVIC_SetPriority(CAN1_SCE_IRQn, 0, 0);
  94:Core/Src/can.c ****     HAL_NVIC_EnableIRQ(CAN1_SCE_IRQn);
  95:Core/Src/can.c ****   /* USER CODE BEGIN CAN1_MspInit 1 */
  96:Core/Src/can.c **** 
  97:Core/Src/can.c ****   /* USER CODE END CAN1_MspInit 1 */
  98:Core/Src/can.c ****   }
  99:Core/Src/can.c **** }
 141              		.loc 1 99 1 view .LVU38
 142 0018 08B0     		add	sp, sp, #32
 143              		.cfi_remember_state
 144              		.cfi_def_cfa_offset 8
 145              		@ sp needed
 146 001a 10BD     		pop	{r4, pc}
 147              	.LVL4:
 148              	.L10:
 149              		.cfi_restore_state
  72:Core/Src/can.c **** 
 150              		.loc 1 72 5 is_stmt 1 view .LVU39
 151              	.LBB2:
  72:Core/Src/can.c **** 
 152              		.loc 1 72 5 view .LVU40
 153 001c 0024     		movs	r4, #0
 154 001e 0194     		str	r4, [sp, #4]
  72:Core/Src/can.c **** 
 155              		.loc 1 72 5 view .LVU41
 156 0020 03F5EA33 		add	r3, r3, #119808
 157 0024 1A6C     		ldr	r2, [r3, #64]
 158 0026 42F00072 		orr	r2, r2, #33554432
 159 002a 1A64     		str	r2, [r3, #64]
  72:Core/Src/can.c **** 
 160              		.loc 1 72 5 view .LVU42
 161 002c 1A6C     		ldr	r2, [r3, #64]
 162 002e 02F00072 		and	r2, r2, #33554432
 163 0032 0192     		str	r2, [sp, #4]
  72:Core/Src/can.c **** 
 164              		.loc 1 72 5 view .LVU43
 165 0034 019A     		ldr	r2, [sp, #4]
 166              	.LBE2:
  72:Core/Src/can.c **** 
 167              		.loc 1 72 5 view .LVU44
  74:Core/Src/can.c ****     /**CAN1 GPIO Configuration
 168              		.loc 1 74 5 view .LVU45
 169              	.LBB3:
  74:Core/Src/can.c ****     /**CAN1 GPIO Configuration
 170              		.loc 1 74 5 view .LVU46
 171 0036 0294     		str	r4, [sp, #8]
  74:Core/Src/can.c ****     /**CAN1 GPIO Configuration
 172              		.loc 1 74 5 view .LVU47
 173 0038 1A6B     		ldr	r2, [r3, #48]
 174 003a 42F00102 		orr	r2, r2, #1
 175 003e 1A63     		str	r2, [r3, #48]
  74:Core/Src/can.c ****     /**CAN1 GPIO Configuration
 176              		.loc 1 74 5 view .LVU48
 177 0040 1B6B     		ldr	r3, [r3, #48]
 178 0042 03F00103 		and	r3, r3, #1
ARM GAS  /tmp/cccYEx3s.s 			page 6


 179 0046 0293     		str	r3, [sp, #8]
  74:Core/Src/can.c ****     /**CAN1 GPIO Configuration
 180              		.loc 1 74 5 view .LVU49
 181 0048 029B     		ldr	r3, [sp, #8]
 182              	.LBE3:
  74:Core/Src/can.c ****     /**CAN1 GPIO Configuration
 183              		.loc 1 74 5 view .LVU50
  79:Core/Src/can.c ****     GPIO_InitStruct.Mode = GPIO_MODE_AF_PP;
 184              		.loc 1 79 5 view .LVU51
  79:Core/Src/can.c ****     GPIO_InitStruct.Mode = GPIO_MODE_AF_PP;
 185              		.loc 1 79 25 is_stmt 0 view .LVU52
 186 004a 4FF4C053 		mov	r3, #6144
 187 004e 0393     		str	r3, [sp, #12]
  80:Core/Src/can.c ****     GPIO_InitStruct.Pull = GPIO_NOPULL;
 188              		.loc 1 80 5 is_stmt 1 view .LVU53
  80:Core/Src/can.c ****     GPIO_InitStruct.Pull = GPIO_NOPULL;
 189              		.loc 1 80 26 is_stmt 0 view .LVU54
 190 0050 0223     		movs	r3, #2
 191 0052 0493     		str	r3, [sp, #16]
  81:Core/Src/can.c ****     GPIO_InitStruct.Speed = GPIO_SPEED_FREQ_VERY_HIGH;
 192              		.loc 1 81 5 is_stmt 1 view .LVU55
  82:Core/Src/can.c ****     GPIO_InitStruct.Alternate = GPIO_AF9_CAN1;
 193              		.loc 1 82 5 view .LVU56
  82:Core/Src/can.c ****     GPIO_InitStruct.Alternate = GPIO_AF9_CAN1;
 194              		.loc 1 82 27 is_stmt 0 view .LVU57
 195 0054 0323     		movs	r3, #3
 196 0056 0693     		str	r3, [sp, #24]
  83:Core/Src/can.c ****     HAL_GPIO_Init(GPIOA, &GPIO_InitStruct);
 197              		.loc 1 83 5 is_stmt 1 view .LVU58
  83:Core/Src/can.c ****     HAL_GPIO_Init(GPIOA, &GPIO_InitStruct);
 198              		.loc 1 83 31 is_stmt 0 view .LVU59
 199 0058 0923     		movs	r3, #9
 200 005a 0793     		str	r3, [sp, #28]
  84:Core/Src/can.c **** 
 201              		.loc 1 84 5 is_stmt 1 view .LVU60
 202 005c 03A9     		add	r1, sp, #12
 203 005e 1348     		ldr	r0, .L11+4
 204              	.LVL5:
  84:Core/Src/can.c **** 
 205              		.loc 1 84 5 is_stmt 0 view .LVU61
 206 0060 FFF7FEFF 		bl	HAL_GPIO_Init
 207              	.LVL6:
  87:Core/Src/can.c ****     HAL_NVIC_EnableIRQ(CAN1_TX_IRQn);
 208              		.loc 1 87 5 is_stmt 1 view .LVU62
 209 0064 2246     		mov	r2, r4
 210 0066 2146     		mov	r1, r4
 211 0068 1320     		movs	r0, #19
 212 006a FFF7FEFF 		bl	HAL_NVIC_SetPriority
 213              	.LVL7:
  88:Core/Src/can.c ****     HAL_NVIC_SetPriority(CAN1_RX0_IRQn, 0, 0);
 214              		.loc 1 88 5 view .LVU63
 215 006e 1320     		movs	r0, #19
 216 0070 FFF7FEFF 		bl	HAL_NVIC_EnableIRQ
 217              	.LVL8:
  89:Core/Src/can.c ****     HAL_NVIC_EnableIRQ(CAN1_RX0_IRQn);
 218              		.loc 1 89 5 view .LVU64
 219 0074 2246     		mov	r2, r4
ARM GAS  /tmp/cccYEx3s.s 			page 7


 220 0076 2146     		mov	r1, r4
 221 0078 1420     		movs	r0, #20
 222 007a FFF7FEFF 		bl	HAL_NVIC_SetPriority
 223              	.LVL9:
  90:Core/Src/can.c ****     HAL_NVIC_SetPriority(CAN1_RX1_IRQn, 0, 0);
 224              		.loc 1 90 5 view .LVU65
 225 007e 1420     		movs	r0, #20
 226 0080 FFF7FEFF 		bl	HAL_NVIC_EnableIRQ
 227              	.LVL10:
  91:Core/Src/can.c ****     HAL_NVIC_EnableIRQ(CAN1_RX1_IRQn);
 228              		.loc 1 91 5 view .LVU66
 229 0084 2246     		mov	r2, r4
 230 0086 2146     		mov	r1, r4
 231 0088 1520     		movs	r0, #21
 232 008a FFF7FEFF 		bl	HAL_NVIC_SetPriority
 233              	.LVL11:
  92:Core/Src/can.c ****     HAL_NVIC_SetPriority(CAN1_SCE_IRQn, 0, 0);
 234              		.loc 1 92 5 view .LVU67
 235 008e 1520     		movs	r0, #21
 236 0090 FFF7FEFF 		bl	HAL_NVIC_EnableIRQ
 237              	.LVL12:
  93:Core/Src/can.c ****     HAL_NVIC_EnableIRQ(CAN1_SCE_IRQn);
 238              		.loc 1 93 5 view .LVU68
 239 0094 2246     		mov	r2, r4
 240 0096 2146     		mov	r1, r4
 241 0098 1620     		movs	r0, #22
 242 009a FFF7FEFF 		bl	HAL_NVIC_SetPriority
 243              	.LVL13:
  94:Core/Src/can.c ****   /* USER CODE BEGIN CAN1_MspInit 1 */
 244              		.loc 1 94 5 view .LVU69
 245 009e 1620     		movs	r0, #22
 246 00a0 FFF7FEFF 		bl	HAL_NVIC_EnableIRQ
 247              	.LVL14:
 248              		.loc 1 99 1 is_stmt 0 view .LVU70
 249 00a4 B8E7     		b	.L7
 250              	.L12:
 251 00a6 00BF     		.align	2
 252              	.L11:
 253 00a8 00640040 		.word	1073767424
 254 00ac 00000240 		.word	1073872896
 255              		.cfi_endproc
 256              	.LFE236:
 258              		.section	.text.HAL_CAN_MspDeInit,"ax",%progbits
 259              		.align	1
 260              		.global	HAL_CAN_MspDeInit
 261              		.syntax unified
 262              		.thumb
 263              		.thumb_func
 265              	HAL_CAN_MspDeInit:
 266              	.LVL15:
 267              	.LFB237:
 100:Core/Src/can.c **** 
 101:Core/Src/can.c **** void HAL_CAN_MspDeInit(CAN_HandleTypeDef* canHandle)
 102:Core/Src/can.c **** {
 268              		.loc 1 102 1 is_stmt 1 view -0
 269              		.cfi_startproc
 270              		@ args = 0, pretend = 0, frame = 0
ARM GAS  /tmp/cccYEx3s.s 			page 8


 271              		@ frame_needed = 0, uses_anonymous_args = 0
 272              		.loc 1 102 1 is_stmt 0 view .LVU72
 273 0000 08B5     		push	{r3, lr}
 274              		.cfi_def_cfa_offset 8
 275              		.cfi_offset 3, -8
 276              		.cfi_offset 14, -4
 103:Core/Src/can.c **** 
 104:Core/Src/can.c ****   if(canHandle->Instance==CAN1)
 277              		.loc 1 104 3 is_stmt 1 view .LVU73
 278              		.loc 1 104 15 is_stmt 0 view .LVU74
 279 0002 0268     		ldr	r2, [r0]
 280              		.loc 1 104 5 view .LVU75
 281 0004 0D4B     		ldr	r3, .L17
 282 0006 9A42     		cmp	r2, r3
 283 0008 00D0     		beq	.L16
 284              	.LVL16:
 285              	.L13:
 105:Core/Src/can.c ****   {
 106:Core/Src/can.c ****   /* USER CODE BEGIN CAN1_MspDeInit 0 */
 107:Core/Src/can.c **** 
 108:Core/Src/can.c ****   /* USER CODE END CAN1_MspDeInit 0 */
 109:Core/Src/can.c ****     /* Peripheral clock disable */
 110:Core/Src/can.c ****     __HAL_RCC_CAN1_CLK_DISABLE();
 111:Core/Src/can.c **** 
 112:Core/Src/can.c ****     /**CAN1 GPIO Configuration
 113:Core/Src/can.c ****     PA11     ------> CAN1_RX
 114:Core/Src/can.c ****     PA12     ------> CAN1_TX
 115:Core/Src/can.c ****     */
 116:Core/Src/can.c ****     HAL_GPIO_DeInit(GPIOA, SN65HVD23x_R_CAN1_RX_Pin|SN65HVD23x_D_CAN1_TX_Pin);
 117:Core/Src/can.c **** 
 118:Core/Src/can.c ****     /* CAN1 interrupt Deinit */
 119:Core/Src/can.c ****     HAL_NVIC_DisableIRQ(CAN1_TX_IRQn);
 120:Core/Src/can.c ****     HAL_NVIC_DisableIRQ(CAN1_RX0_IRQn);
 121:Core/Src/can.c ****     HAL_NVIC_DisableIRQ(CAN1_RX1_IRQn);
 122:Core/Src/can.c ****     HAL_NVIC_DisableIRQ(CAN1_SCE_IRQn);
 123:Core/Src/can.c ****   /* USER CODE BEGIN CAN1_MspDeInit 1 */
 124:Core/Src/can.c **** 
 125:Core/Src/can.c ****   /* USER CODE END CAN1_MspDeInit 1 */
 126:Core/Src/can.c ****   }
 127:Core/Src/can.c **** }
 286              		.loc 1 127 1 view .LVU76
 287 000a 08BD     		pop	{r3, pc}
 288              	.LVL17:
 289              	.L16:
 110:Core/Src/can.c **** 
 290              		.loc 1 110 5 is_stmt 1 view .LVU77
 291 000c 0C4A     		ldr	r2, .L17+4
 292 000e 136C     		ldr	r3, [r2, #64]
 293 0010 23F00073 		bic	r3, r3, #33554432
 294 0014 1364     		str	r3, [r2, #64]
 116:Core/Src/can.c **** 
 295              		.loc 1 116 5 view .LVU78
 296 0016 4FF4C051 		mov	r1, #6144
 297 001a 0A48     		ldr	r0, .L17+8
 298              	.LVL18:
 116:Core/Src/can.c **** 
 299              		.loc 1 116 5 is_stmt 0 view .LVU79
ARM GAS  /tmp/cccYEx3s.s 			page 9


 300 001c FFF7FEFF 		bl	HAL_GPIO_DeInit
 301              	.LVL19:
 119:Core/Src/can.c ****     HAL_NVIC_DisableIRQ(CAN1_RX0_IRQn);
 302              		.loc 1 119 5 is_stmt 1 view .LVU80
 303 0020 1320     		movs	r0, #19
 304 0022 FFF7FEFF 		bl	HAL_NVIC_DisableIRQ
 305              	.LVL20:
 120:Core/Src/can.c ****     HAL_NVIC_DisableIRQ(CAN1_RX1_IRQn);
 306              		.loc 1 120 5 view .LVU81
 307 0026 1420     		movs	r0, #20
 308 0028 FFF7FEFF 		bl	HAL_NVIC_DisableIRQ
 309              	.LVL21:
 121:Core/Src/can.c ****     HAL_NVIC_DisableIRQ(CAN1_SCE_IRQn);
 310              		.loc 1 121 5 view .LVU82
 311 002c 1520     		movs	r0, #21
 312 002e FFF7FEFF 		bl	HAL_NVIC_DisableIRQ
 313              	.LVL22:
 122:Core/Src/can.c ****   /* USER CODE BEGIN CAN1_MspDeInit 1 */
 314              		.loc 1 122 5 view .LVU83
 315 0032 1620     		movs	r0, #22
 316 0034 FFF7FEFF 		bl	HAL_NVIC_DisableIRQ
 317              	.LVL23:
 318              		.loc 1 127 1 is_stmt 0 view .LVU84
 319 0038 E7E7     		b	.L13
 320              	.L18:
 321 003a 00BF     		.align	2
 322              	.L17:
 323 003c 00640040 		.word	1073767424
 324 0040 00380240 		.word	1073887232
 325 0044 00000240 		.word	1073872896
 326              		.cfi_endproc
 327              	.LFE237:
 329              		.global	hcan1
 330              		.section	.bss.hcan1,"aw",%nobits
 331              		.align	2
 334              	hcan1:
 335 0000 00000000 		.space	40
 335      00000000 
 335      00000000 
 335      00000000 
 335      00000000 
 336              		.text
 337              	.Letext0:
 338              		.file 2 "Drivers/CMSIS/Device/ST/STM32F4xx/Include/stm32f446xx.h"
 339              		.file 3 "/usr/arm-none-eabi/include/machine/_default_types.h"
 340              		.file 4 "/usr/arm-none-eabi/include/sys/_stdint.h"
 341              		.file 5 "Drivers/CMSIS/Device/ST/STM32F4xx/Include/stm32f4xx.h"
 342              		.file 6 "Drivers/STM32F4xx_HAL_Driver/Inc/stm32f4xx_hal_def.h"
 343              		.file 7 "Drivers/STM32F4xx_HAL_Driver/Inc/stm32f4xx_hal_gpio.h"
 344              		.file 8 "Drivers/STM32F4xx_HAL_Driver/Inc/stm32f4xx_hal_can.h"
 345              		.file 9 "Drivers/STM32F4xx_HAL_Driver/Inc/stm32f4xx_hal_cortex.h"
 346              		.file 10 "Core/Inc/can.h"
 347              		.file 11 "Core/Inc/main.h"
ARM GAS  /tmp/cccYEx3s.s 			page 10


DEFINED SYMBOLS
                            *ABS*:00000000 can.c
     /tmp/cccYEx3s.s:21     .text.MX_CAN1_Init:00000000 $t
     /tmp/cccYEx3s.s:27     .text.MX_CAN1_Init:00000000 MX_CAN1_Init
     /tmp/cccYEx3s.s:98     .text.MX_CAN1_Init:0000003c $d
     /tmp/cccYEx3s.s:334    .bss.hcan1:00000000 hcan1
     /tmp/cccYEx3s.s:104    .text.HAL_CAN_MspInit:00000000 $t
     /tmp/cccYEx3s.s:110    .text.HAL_CAN_MspInit:00000000 HAL_CAN_MspInit
     /tmp/cccYEx3s.s:253    .text.HAL_CAN_MspInit:000000a8 $d
     /tmp/cccYEx3s.s:259    .text.HAL_CAN_MspDeInit:00000000 $t
     /tmp/cccYEx3s.s:265    .text.HAL_CAN_MspDeInit:00000000 HAL_CAN_MspDeInit
     /tmp/cccYEx3s.s:323    .text.HAL_CAN_MspDeInit:0000003c $d
     /tmp/cccYEx3s.s:331    .bss.hcan1:00000000 $d

UNDEFINED SYMBOLS
HAL_CAN_Init
Error_Handler
HAL_GPIO_Init
HAL_NVIC_SetPriority
HAL_NVIC_EnableIRQ
HAL_GPIO_DeInit
HAL_NVIC_DisableIRQ
