ARM GAS  /tmp/ccMlZNM5.s 			page 1


   1              		.cpu cortex-m4
   2              		.arch armv7e-m
   3              		.fpu fpv4-sp-d16
   4              		.eabi_attribute 27, 1
   5              		.eabi_attribute 28, 1
   6              		.eabi_attribute 20, 1
   7              		.eabi_attribute 21, 1
   8              		.eabi_attribute 23, 3
   9              		.eabi_attribute 24, 1
  10              		.eabi_attribute 25, 1
  11              		.eabi_attribute 26, 1
  12              		.eabi_attribute 30, 1
  13              		.eabi_attribute 34, 1
  14              		.eabi_attribute 18, 4
  15              		.file	"gpio.c"
  16              		.text
  17              	.Ltext0:
  18              		.cfi_sections	.debug_frame
  19              		.file 1 "Core/Src/gpio.c"
  20              		.section	.text.MX_GPIO_Init,"ax",%progbits
  21              		.align	1
  22              		.global	MX_GPIO_Init
  23              		.syntax unified
  24              		.thumb
  25              		.thumb_func
  27              	MX_GPIO_Init:
  28              	.LFB235:
   1:Core/Src/gpio.c **** /* USER CODE BEGIN Header */
   2:Core/Src/gpio.c **** /**
   3:Core/Src/gpio.c ****   ******************************************************************************
   4:Core/Src/gpio.c ****   * @file    gpio.c
   5:Core/Src/gpio.c ****   * @brief   This file provides code for the configuration
   6:Core/Src/gpio.c ****   *          of all used GPIO pins.
   7:Core/Src/gpio.c ****   ******************************************************************************
   8:Core/Src/gpio.c ****   * @attention
   9:Core/Src/gpio.c ****   *
  10:Core/Src/gpio.c ****   * Copyright (c) 2023 STMicroelectronics.
  11:Core/Src/gpio.c ****   * All rights reserved.
  12:Core/Src/gpio.c ****   *
  13:Core/Src/gpio.c ****   * This software is licensed under terms that can be found in the LICENSE file
  14:Core/Src/gpio.c ****   * in the root directory of this software component.
  15:Core/Src/gpio.c ****   * If no LICENSE file comes with this software, it is provided AS-IS.
  16:Core/Src/gpio.c ****   *
  17:Core/Src/gpio.c ****   ******************************************************************************
  18:Core/Src/gpio.c ****   */
  19:Core/Src/gpio.c **** /* USER CODE END Header */
  20:Core/Src/gpio.c **** 
  21:Core/Src/gpio.c **** /* Includes ------------------------------------------------------------------*/
  22:Core/Src/gpio.c **** #include "gpio.h"
  23:Core/Src/gpio.c **** 
  24:Core/Src/gpio.c **** /* USER CODE BEGIN 0 */
  25:Core/Src/gpio.c **** 
  26:Core/Src/gpio.c **** /* USER CODE END 0 */
  27:Core/Src/gpio.c **** 
  28:Core/Src/gpio.c **** /*----------------------------------------------------------------------------*/
  29:Core/Src/gpio.c **** /* Configure GPIO                                                             */
  30:Core/Src/gpio.c **** /*----------------------------------------------------------------------------*/
ARM GAS  /tmp/ccMlZNM5.s 			page 2


  31:Core/Src/gpio.c **** /* USER CODE BEGIN 1 */
  32:Core/Src/gpio.c **** 
  33:Core/Src/gpio.c **** /* USER CODE END 1 */
  34:Core/Src/gpio.c **** 
  35:Core/Src/gpio.c **** /** Configure pins as
  36:Core/Src/gpio.c ****         * Analog
  37:Core/Src/gpio.c ****         * Input
  38:Core/Src/gpio.c ****         * Output
  39:Core/Src/gpio.c ****         * EVENT_OUT
  40:Core/Src/gpio.c ****         * EXTI
  41:Core/Src/gpio.c ****      PC4   ------> ADCx_IN14
  42:Core/Src/gpio.c ****      PC5   ------> ADCx_IN15
  43:Core/Src/gpio.c **** */
  44:Core/Src/gpio.c **** void MX_GPIO_Init(void)
  45:Core/Src/gpio.c **** {
  29              		.loc 1 45 1 view -0
  30              		.cfi_startproc
  31              		@ args = 0, pretend = 0, frame = 40
  32              		@ frame_needed = 0, uses_anonymous_args = 0
  33 0000 2DE9F041 		push	{r4, r5, r6, r7, r8, lr}
  34              		.cfi_def_cfa_offset 24
  35              		.cfi_offset 4, -24
  36              		.cfi_offset 5, -20
  37              		.cfi_offset 6, -16
  38              		.cfi_offset 7, -12
  39              		.cfi_offset 8, -8
  40              		.cfi_offset 14, -4
  41 0004 8AB0     		sub	sp, sp, #40
  42              		.cfi_def_cfa_offset 64
  46:Core/Src/gpio.c **** 
  47:Core/Src/gpio.c ****   GPIO_InitTypeDef GPIO_InitStruct = {0};
  43              		.loc 1 47 3 view .LVU1
  44              		.loc 1 47 20 is_stmt 0 view .LVU2
  45 0006 0024     		movs	r4, #0
  46 0008 0594     		str	r4, [sp, #20]
  47 000a 0694     		str	r4, [sp, #24]
  48 000c 0794     		str	r4, [sp, #28]
  49 000e 0894     		str	r4, [sp, #32]
  50 0010 0994     		str	r4, [sp, #36]
  48:Core/Src/gpio.c **** 
  49:Core/Src/gpio.c ****   /* GPIO Ports Clock Enable */
  50:Core/Src/gpio.c ****   __HAL_RCC_GPIOC_CLK_ENABLE();
  51              		.loc 1 50 3 is_stmt 1 view .LVU3
  52              	.LBB2:
  53              		.loc 1 50 3 view .LVU4
  54 0012 0094     		str	r4, [sp]
  55              		.loc 1 50 3 view .LVU5
  56 0014 4B4B     		ldr	r3, .L3
  57 0016 1A6B     		ldr	r2, [r3, #48]
  58 0018 42F00402 		orr	r2, r2, #4
  59 001c 1A63     		str	r2, [r3, #48]
  60              		.loc 1 50 3 view .LVU6
  61 001e 1A6B     		ldr	r2, [r3, #48]
  62 0020 02F00402 		and	r2, r2, #4
  63 0024 0092     		str	r2, [sp]
  64              		.loc 1 50 3 view .LVU7
  65 0026 009A     		ldr	r2, [sp]
ARM GAS  /tmp/ccMlZNM5.s 			page 3


  66              	.LBE2:
  67              		.loc 1 50 3 view .LVU8
  51:Core/Src/gpio.c ****   __HAL_RCC_GPIOH_CLK_ENABLE();
  68              		.loc 1 51 3 view .LVU9
  69              	.LBB3:
  70              		.loc 1 51 3 view .LVU10
  71 0028 0194     		str	r4, [sp, #4]
  72              		.loc 1 51 3 view .LVU11
  73 002a 1A6B     		ldr	r2, [r3, #48]
  74 002c 42F08002 		orr	r2, r2, #128
  75 0030 1A63     		str	r2, [r3, #48]
  76              		.loc 1 51 3 view .LVU12
  77 0032 1A6B     		ldr	r2, [r3, #48]
  78 0034 02F08002 		and	r2, r2, #128
  79 0038 0192     		str	r2, [sp, #4]
  80              		.loc 1 51 3 view .LVU13
  81 003a 019A     		ldr	r2, [sp, #4]
  82              	.LBE3:
  83              		.loc 1 51 3 view .LVU14
  52:Core/Src/gpio.c ****   __HAL_RCC_GPIOA_CLK_ENABLE();
  84              		.loc 1 52 3 view .LVU15
  85              	.LBB4:
  86              		.loc 1 52 3 view .LVU16
  87 003c 0294     		str	r4, [sp, #8]
  88              		.loc 1 52 3 view .LVU17
  89 003e 1A6B     		ldr	r2, [r3, #48]
  90 0040 42F00102 		orr	r2, r2, #1
  91 0044 1A63     		str	r2, [r3, #48]
  92              		.loc 1 52 3 view .LVU18
  93 0046 1A6B     		ldr	r2, [r3, #48]
  94 0048 02F00102 		and	r2, r2, #1
  95 004c 0292     		str	r2, [sp, #8]
  96              		.loc 1 52 3 view .LVU19
  97 004e 029A     		ldr	r2, [sp, #8]
  98              	.LBE4:
  99              		.loc 1 52 3 view .LVU20
  53:Core/Src/gpio.c ****   __HAL_RCC_GPIOB_CLK_ENABLE();
 100              		.loc 1 53 3 view .LVU21
 101              	.LBB5:
 102              		.loc 1 53 3 view .LVU22
 103 0050 0394     		str	r4, [sp, #12]
 104              		.loc 1 53 3 view .LVU23
 105 0052 1A6B     		ldr	r2, [r3, #48]
 106 0054 42F00202 		orr	r2, r2, #2
 107 0058 1A63     		str	r2, [r3, #48]
 108              		.loc 1 53 3 view .LVU24
 109 005a 1A6B     		ldr	r2, [r3, #48]
 110 005c 02F00202 		and	r2, r2, #2
 111 0060 0392     		str	r2, [sp, #12]
 112              		.loc 1 53 3 view .LVU25
 113 0062 039A     		ldr	r2, [sp, #12]
 114              	.LBE5:
 115              		.loc 1 53 3 view .LVU26
  54:Core/Src/gpio.c ****   __HAL_RCC_GPIOD_CLK_ENABLE();
 116              		.loc 1 54 3 view .LVU27
 117              	.LBB6:
 118              		.loc 1 54 3 view .LVU28
ARM GAS  /tmp/ccMlZNM5.s 			page 4


 119 0064 0494     		str	r4, [sp, #16]
 120              		.loc 1 54 3 view .LVU29
 121 0066 1A6B     		ldr	r2, [r3, #48]
 122 0068 42F00802 		orr	r2, r2, #8
 123 006c 1A63     		str	r2, [r3, #48]
 124              		.loc 1 54 3 view .LVU30
 125 006e 1B6B     		ldr	r3, [r3, #48]
 126 0070 03F00803 		and	r3, r3, #8
 127 0074 0493     		str	r3, [sp, #16]
 128              		.loc 1 54 3 view .LVU31
 129 0076 049B     		ldr	r3, [sp, #16]
 130              	.LBE6:
 131              		.loc 1 54 3 view .LVU32
  55:Core/Src/gpio.c **** 
  56:Core/Src/gpio.c ****   /*Configure GPIO pin Output Level */
  57:Core/Src/gpio.c ****   HAL_GPIO_WritePin(GPIOC, ADC1283IPT_nCS_GPIO_OUT_Pin|LED_STAT3_GPIO_OUT_Pin|LED_STAT2_GPIO_OUT_Pi
 132              		.loc 1 57 3 view .LVU33
 133 0078 334F     		ldr	r7, .L3+4
 134 007a 2246     		mov	r2, r4
 135 007c 48F2C031 		movw	r1, #33728
 136 0080 3846     		mov	r0, r7
 137 0082 FFF7FEFF 		bl	HAL_GPIO_WritePin
 138              	.LVL0:
  58:Core/Src/gpio.c ****                           |LED_WARN_GPIO_OUT_Pin, GPIO_PIN_RESET);
  59:Core/Src/gpio.c **** 
  60:Core/Src/gpio.c ****   /*Configure GPIO pin Output Level */
  61:Core/Src/gpio.c ****   HAL_GPIO_WritePin(GPIOB, M95256_nW_GPIO_OUT_Pin|M95256_nS_GPIO_OUT_Pin|BRK_LGHT_GPIO_OUT_Pin, GPI
 139              		.loc 1 61 3 view .LVU34
 140 0086 314D     		ldr	r5, .L3+8
 141 0088 2246     		mov	r2, r4
 142 008a 4FF44251 		mov	r1, #12416
 143 008e 2846     		mov	r0, r5
 144 0090 FFF7FEFF 		bl	HAL_GPIO_WritePin
 145              	.LVL1:
  62:Core/Src/gpio.c **** 
  63:Core/Src/gpio.c ****   /*Configure GPIO pin Output Level */
  64:Core/Src/gpio.c ****   HAL_GPIO_WritePin(LED_ERR_GPIO_OUT_GPIO_Port, LED_ERR_GPIO_OUT_Pin, GPIO_PIN_RESET);
 146              		.loc 1 64 3 view .LVU35
 147 0094 DFF8B880 		ldr	r8, .L3+12
 148 0098 2246     		mov	r2, r4
 149 009a 4FF48071 		mov	r1, #256
 150 009e 4046     		mov	r0, r8
 151 00a0 FFF7FEFF 		bl	HAL_GPIO_WritePin
 152              	.LVL2:
  65:Core/Src/gpio.c **** 
  66:Core/Src/gpio.c ****   /*Configure GPIO pins : PCPin PCPin */
  67:Core/Src/gpio.c ****   GPIO_InitStruct.Pin = SHTDWN3_GPIO_IN_Pin|SHTDWN4_GPIO_IN_Pin;
 153              		.loc 1 67 3 view .LVU36
 154              		.loc 1 67 23 is_stmt 0 view .LVU37
 155 00a4 4FF4C043 		mov	r3, #24576
 156 00a8 0593     		str	r3, [sp, #20]
  68:Core/Src/gpio.c ****   GPIO_InitStruct.Mode = GPIO_MODE_INPUT;
 157              		.loc 1 68 3 is_stmt 1 view .LVU38
 158              		.loc 1 68 24 is_stmt 0 view .LVU39
 159 00aa 0694     		str	r4, [sp, #24]
  69:Core/Src/gpio.c ****   GPIO_InitStruct.Pull = GPIO_NOPULL;
 160              		.loc 1 69 3 is_stmt 1 view .LVU40
ARM GAS  /tmp/ccMlZNM5.s 			page 5


 161              		.loc 1 69 24 is_stmt 0 view .LVU41
 162 00ac 0794     		str	r4, [sp, #28]
  70:Core/Src/gpio.c ****   HAL_GPIO_Init(GPIOC, &GPIO_InitStruct);
 163              		.loc 1 70 3 is_stmt 1 view .LVU42
 164 00ae 05A9     		add	r1, sp, #20
 165 00b0 3846     		mov	r0, r7
 166 00b2 FFF7FEFF 		bl	HAL_GPIO_Init
 167              	.LVL3:
  71:Core/Src/gpio.c **** 
  72:Core/Src/gpio.c ****   /*Configure GPIO pins : PCPin PCPin PCPin PCPin
  73:Core/Src/gpio.c ****                            PCPin */
  74:Core/Src/gpio.c ****   GPIO_InitStruct.Pin = ADC1283IPT_nCS_GPIO_OUT_Pin|LED_STAT3_GPIO_OUT_Pin|LED_STAT2_GPIO_OUT_Pin|L
 168              		.loc 1 74 3 view .LVU43
 169              		.loc 1 74 23 is_stmt 0 view .LVU44
 170 00b6 48F2C033 		movw	r3, #33728
 171 00ba 0593     		str	r3, [sp, #20]
  75:Core/Src/gpio.c ****                           |LED_WARN_GPIO_OUT_Pin;
  76:Core/Src/gpio.c ****   GPIO_InitStruct.Mode = GPIO_MODE_OUTPUT_PP;
 172              		.loc 1 76 3 is_stmt 1 view .LVU45
 173              		.loc 1 76 24 is_stmt 0 view .LVU46
 174 00bc 0126     		movs	r6, #1
 175 00be 0696     		str	r6, [sp, #24]
  77:Core/Src/gpio.c ****   GPIO_InitStruct.Pull = GPIO_NOPULL;
 176              		.loc 1 77 3 is_stmt 1 view .LVU47
 177              		.loc 1 77 24 is_stmt 0 view .LVU48
 178 00c0 0794     		str	r4, [sp, #28]
  78:Core/Src/gpio.c ****   GPIO_InitStruct.Speed = GPIO_SPEED_FREQ_LOW;
 179              		.loc 1 78 3 is_stmt 1 view .LVU49
 180              		.loc 1 78 25 is_stmt 0 view .LVU50
 181 00c2 0894     		str	r4, [sp, #32]
  79:Core/Src/gpio.c ****   HAL_GPIO_Init(GPIOC, &GPIO_InitStruct);
 182              		.loc 1 79 3 is_stmt 1 view .LVU51
 183 00c4 05A9     		add	r1, sp, #20
 184 00c6 3846     		mov	r0, r7
 185 00c8 FFF7FEFF 		bl	HAL_GPIO_Init
 186              	.LVL4:
  80:Core/Src/gpio.c **** 
  81:Core/Src/gpio.c ****   /*Configure GPIO pins : PCPin PCPin */
  82:Core/Src/gpio.c ****   GPIO_InitStruct.Pin = POT1_ADC_IN14_Pin|POT2_ADC_IN15_Pin;
 187              		.loc 1 82 3 view .LVU52
 188              		.loc 1 82 23 is_stmt 0 view .LVU53
 189 00cc 3023     		movs	r3, #48
 190 00ce 0593     		str	r3, [sp, #20]
  83:Core/Src/gpio.c ****   GPIO_InitStruct.Mode = GPIO_MODE_ANALOG;
 191              		.loc 1 83 3 is_stmt 1 view .LVU54
 192              		.loc 1 83 24 is_stmt 0 view .LVU55
 193 00d0 0323     		movs	r3, #3
 194 00d2 0693     		str	r3, [sp, #24]
  84:Core/Src/gpio.c ****   GPIO_InitStruct.Pull = GPIO_NOPULL;
 195              		.loc 1 84 3 is_stmt 1 view .LVU56
 196              		.loc 1 84 24 is_stmt 0 view .LVU57
 197 00d4 0794     		str	r4, [sp, #28]
  85:Core/Src/gpio.c ****   HAL_GPIO_Init(GPIOC, &GPIO_InitStruct);
 198              		.loc 1 85 3 is_stmt 1 view .LVU58
 199 00d6 05A9     		add	r1, sp, #20
 200 00d8 3846     		mov	r0, r7
 201 00da FFF7FEFF 		bl	HAL_GPIO_Init
ARM GAS  /tmp/ccMlZNM5.s 			page 6


 202              	.LVL5:
  86:Core/Src/gpio.c **** 
  87:Core/Src/gpio.c ****   /*Configure GPIO pins : PBPin PBPin PBPin */
  88:Core/Src/gpio.c ****   GPIO_InitStruct.Pin = M95256_nW_GPIO_OUT_Pin|M95256_nS_GPIO_OUT_Pin|BRK_LGHT_GPIO_OUT_Pin;
 203              		.loc 1 88 3 view .LVU59
 204              		.loc 1 88 23 is_stmt 0 view .LVU60
 205 00de 4FF44253 		mov	r3, #12416
 206 00e2 0593     		str	r3, [sp, #20]
  89:Core/Src/gpio.c ****   GPIO_InitStruct.Mode = GPIO_MODE_OUTPUT_PP;
 207              		.loc 1 89 3 is_stmt 1 view .LVU61
 208              		.loc 1 89 24 is_stmt 0 view .LVU62
 209 00e4 0696     		str	r6, [sp, #24]
  90:Core/Src/gpio.c ****   GPIO_InitStruct.Pull = GPIO_NOPULL;
 210              		.loc 1 90 3 is_stmt 1 view .LVU63
 211              		.loc 1 90 24 is_stmt 0 view .LVU64
 212 00e6 0794     		str	r4, [sp, #28]
  91:Core/Src/gpio.c ****   GPIO_InitStruct.Speed = GPIO_SPEED_FREQ_LOW;
 213              		.loc 1 91 3 is_stmt 1 view .LVU65
 214              		.loc 1 91 25 is_stmt 0 view .LVU66
 215 00e8 0894     		str	r4, [sp, #32]
  92:Core/Src/gpio.c ****   HAL_GPIO_Init(GPIOB, &GPIO_InitStruct);
 216              		.loc 1 92 3 is_stmt 1 view .LVU67
 217 00ea 05A9     		add	r1, sp, #20
 218 00ec 2846     		mov	r0, r5
 219 00ee FFF7FEFF 		bl	HAL_GPIO_Init
 220              	.LVL6:
  93:Core/Src/gpio.c **** 
  94:Core/Src/gpio.c ****   /*Configure GPIO pin : PtPin */
  95:Core/Src/gpio.c ****   GPIO_InitStruct.Pin = LED_ERR_GPIO_OUT_Pin;
 221              		.loc 1 95 3 view .LVU68
 222              		.loc 1 95 23 is_stmt 0 view .LVU69
 223 00f2 4FF48073 		mov	r3, #256
 224 00f6 0593     		str	r3, [sp, #20]
  96:Core/Src/gpio.c ****   GPIO_InitStruct.Mode = GPIO_MODE_OUTPUT_PP;
 225              		.loc 1 96 3 is_stmt 1 view .LVU70
 226              		.loc 1 96 24 is_stmt 0 view .LVU71
 227 00f8 0696     		str	r6, [sp, #24]
  97:Core/Src/gpio.c ****   GPIO_InitStruct.Pull = GPIO_NOPULL;
 228              		.loc 1 97 3 is_stmt 1 view .LVU72
 229              		.loc 1 97 24 is_stmt 0 view .LVU73
 230 00fa 0794     		str	r4, [sp, #28]
  98:Core/Src/gpio.c ****   GPIO_InitStruct.Speed = GPIO_SPEED_FREQ_LOW;
 231              		.loc 1 98 3 is_stmt 1 view .LVU74
 232              		.loc 1 98 25 is_stmt 0 view .LVU75
 233 00fc 0894     		str	r4, [sp, #32]
  99:Core/Src/gpio.c ****   HAL_GPIO_Init(LED_ERR_GPIO_OUT_GPIO_Port, &GPIO_InitStruct);
 234              		.loc 1 99 3 is_stmt 1 view .LVU76
 235 00fe 05A9     		add	r1, sp, #20
 236 0100 4046     		mov	r0, r8
 237 0102 FFF7FEFF 		bl	HAL_GPIO_Init
 238              	.LVL7:
 100:Core/Src/gpio.c **** 
 101:Core/Src/gpio.c ****   /*Configure GPIO pin : PtPin */
 102:Core/Src/gpio.c ****   GPIO_InitStruct.Pin = SENSE_TYPE_Pin;
 239              		.loc 1 102 3 view .LVU77
 240              		.loc 1 102 23 is_stmt 0 view .LVU78
 241 0106 1023     		movs	r3, #16
ARM GAS  /tmp/ccMlZNM5.s 			page 7


 242 0108 0593     		str	r3, [sp, #20]
 103:Core/Src/gpio.c ****   GPIO_InitStruct.Mode = GPIO_MODE_INPUT;
 243              		.loc 1 103 3 is_stmt 1 view .LVU79
 244              		.loc 1 103 24 is_stmt 0 view .LVU80
 245 010a 0694     		str	r4, [sp, #24]
 104:Core/Src/gpio.c ****   GPIO_InitStruct.Pull = GPIO_PULLUP;
 246              		.loc 1 104 3 is_stmt 1 view .LVU81
 247              		.loc 1 104 24 is_stmt 0 view .LVU82
 248 010c 0796     		str	r6, [sp, #28]
 105:Core/Src/gpio.c ****   HAL_GPIO_Init(SENSE_TYPE_GPIO_Port, &GPIO_InitStruct);
 249              		.loc 1 105 3 is_stmt 1 view .LVU83
 250 010e 05A9     		add	r1, sp, #20
 251 0110 2846     		mov	r0, r5
 252 0112 FFF7FEFF 		bl	HAL_GPIO_Init
 253              	.LVL8:
 106:Core/Src/gpio.c **** 
 107:Core/Src/gpio.c ****   /*Configure GPIO pin : PtPin */
 108:Core/Src/gpio.c ****   GPIO_InitStruct.Pin = ADS112U04_nDRDY_GPIO_IN_Pin;
 254              		.loc 1 108 3 view .LVU84
 255              		.loc 1 108 23 is_stmt 0 view .LVU85
 256 0116 2023     		movs	r3, #32
 257 0118 0593     		str	r3, [sp, #20]
 109:Core/Src/gpio.c ****   GPIO_InitStruct.Mode = GPIO_MODE_IT_RISING;
 258              		.loc 1 109 3 is_stmt 1 view .LVU86
 259              		.loc 1 109 24 is_stmt 0 view .LVU87
 260 011a 4FF48813 		mov	r3, #1114112
 261 011e 0693     		str	r3, [sp, #24]
 110:Core/Src/gpio.c ****   GPIO_InitStruct.Pull = GPIO_NOPULL;
 262              		.loc 1 110 3 is_stmt 1 view .LVU88
 263              		.loc 1 110 24 is_stmt 0 view .LVU89
 264 0120 0794     		str	r4, [sp, #28]
 111:Core/Src/gpio.c ****   HAL_GPIO_Init(ADS112U04_nDRDY_GPIO_IN_GPIO_Port, &GPIO_InitStruct);
 265              		.loc 1 111 3 is_stmt 1 view .LVU90
 266 0122 05A9     		add	r1, sp, #20
 267 0124 2846     		mov	r0, r5
 268 0126 FFF7FEFF 		bl	HAL_GPIO_Init
 269              	.LVL9:
 112:Core/Src/gpio.c **** 
 113:Core/Src/gpio.c ****   /*Configure GPIO pins : PBPin PBPin PBPin */
 114:Core/Src/gpio.c ****   GPIO_InitStruct.Pin = BSPD_ERR_GPIO_IN_Pin|SHTDWN1_GPIO_IN_Pin|SHTDWN2_GPIO_IN_Pin;
 270              		.loc 1 114 3 view .LVU91
 271              		.loc 1 114 23 is_stmt 0 view .LVU92
 272 012a 4FF45073 		mov	r3, #832
 273 012e 0593     		str	r3, [sp, #20]
 115:Core/Src/gpio.c ****   GPIO_InitStruct.Mode = GPIO_MODE_INPUT;
 274              		.loc 1 115 3 is_stmt 1 view .LVU93
 275              		.loc 1 115 24 is_stmt 0 view .LVU94
 276 0130 0694     		str	r4, [sp, #24]
 116:Core/Src/gpio.c ****   GPIO_InitStruct.Pull = GPIO_NOPULL;
 277              		.loc 1 116 3 is_stmt 1 view .LVU95
 278              		.loc 1 116 24 is_stmt 0 view .LVU96
 279 0132 0794     		str	r4, [sp, #28]
 117:Core/Src/gpio.c ****   HAL_GPIO_Init(GPIOB, &GPIO_InitStruct);
 280              		.loc 1 117 3 is_stmt 1 view .LVU97
 281 0134 05A9     		add	r1, sp, #20
 282 0136 2846     		mov	r0, r5
 283 0138 FFF7FEFF 		bl	HAL_GPIO_Init
ARM GAS  /tmp/ccMlZNM5.s 			page 8


 284              	.LVL10:
 118:Core/Src/gpio.c **** 
 119:Core/Src/gpio.c **** }
 285              		.loc 1 119 1 is_stmt 0 view .LVU98
 286 013c 0AB0     		add	sp, sp, #40
 287              		.cfi_def_cfa_offset 24
 288              		@ sp needed
 289 013e BDE8F081 		pop	{r4, r5, r6, r7, r8, pc}
 290              	.L4:
 291 0142 00BF     		.align	2
 292              	.L3:
 293 0144 00380240 		.word	1073887232
 294 0148 00080240 		.word	1073874944
 295 014c 00040240 		.word	1073873920
 296 0150 00000240 		.word	1073872896
 297              		.cfi_endproc
 298              	.LFE235:
 300              		.text
 301              	.Letext0:
 302              		.file 2 "/usr/arm-none-eabi/include/machine/_default_types.h"
 303              		.file 3 "/usr/arm-none-eabi/include/sys/_stdint.h"
 304              		.file 4 "Drivers/CMSIS/Device/ST/STM32F4xx/Include/stm32f446xx.h"
 305              		.file 5 "Drivers/STM32F4xx_HAL_Driver/Inc/stm32f4xx_hal_gpio.h"
ARM GAS  /tmp/ccMlZNM5.s 			page 9


DEFINED SYMBOLS
                            *ABS*:00000000 gpio.c
     /tmp/ccMlZNM5.s:21     .text.MX_GPIO_Init:00000000 $t
     /tmp/ccMlZNM5.s:27     .text.MX_GPIO_Init:00000000 MX_GPIO_Init
     /tmp/ccMlZNM5.s:293    .text.MX_GPIO_Init:00000144 $d

UNDEFINED SYMBOLS
HAL_GPIO_WritePin
HAL_GPIO_Init
